# JRE version: OpenJDK Runtime Environment Temurin-21.0.12.1+1 (21.0.12.1+1) (build 21.0.12.1+1-LTS)
# Java VM: OpenJDK 64-Bit Server VM Temurin-21.0.12.1+1 (21.0.12.1+1-LTS, mixed mode, sharing, tiered, compressed oops, compressed class ptrs, g1 gc, windows-amd64)
GC Precious Log:
 CardTable entry size: 512
 Card Set container configuration: InlinePtr #cards 5 size 8 Array Of Cards #cards 12 size 40 Howl #buckets 4 coarsen threshold 1843 Howl Bitmap #cards 512 size 80 coarsen threshold 460 Card regions per heap region 1 cards per card region 2048
 CPUs: 12 total, 12 available
 Memory: 16067M
 Large Page Support: Disabled
 NUMA Support: Disabled
 Compressed Oops: Enabled (32-bit)
 Heap Region Size: 1M
 Heap Min Capacity: 256M
 Heap Initial Capacity: 256M
 Heap Max Capacity: 512M
 Pre-touch: Disabled
 Parallel Workers: 10
 Concurrent Workers: 3
 Concurrent Refinement Workers: 10
 Periodic GC: Disabled
Heap:
 garbage-first heap   total 262144K, used 106683K [0x00000000e0000000, 0x0000000100000000)
  region size 1024K, 83 young (84992K), 10 survivors (10240K)
 Metaspace       used 42695K, committed 44544K, reserved 393216K
  class space    used 6467K, committed 7360K, reserved 327680K
GC Heap History (14 events):
Event: 3.564 GC heap before
{Heap before GC invocations=0 (full 0):
 garbage-first heap   total 262144K, used 26624K [0x00000000e0000000, 0x0000000100000000)
  region size 1024K, 23 young (23552K), 0 survivors (0K)
 Metaspace       used 2710K, committed 2880K, reserved 393216K
  class space    used 319K, committed 384K, reserved 327680K
}
Event: 3.738 GC heap after
{Heap after GC invocations=1 (full 0):
 garbage-first heap   total 262144K, used 11797K [0x00000000e0000000, 0x0000000100000000)
  region size 1024K, 3 young (3072K), 3 survivors (3072K)
 Metaspace       used 2710K, committed 2880K, reserved 393216K
  class space    used 319K, committed 384K, reserved 327680K
}
Event: 6.587 GC heap before
{Heap before GC invocations=1 (full 0):
 garbage-first heap   total 262144K, used 38421K [0x00000000e0000000, 0x0000000100000000)
  region size 1024K, 29 young (29696K), 3 survivors (3072K)
 Metaspace       used 4596K, committed 4800K, reserved 393216K
  class space    used 597K, committed 704K, reserved 327680K
}
Event: 6.590 GC heap after
{Heap after GC invocations=2 (full 0):
 garbage-first heap   total 262144K, used 12748K [0x00000000e0000000, 0x0000000100000000)
  region size 1024K, 2 young (2048K), 2 survivors (2048K)
 Metaspace       used 4596K, committed 4800K, reserved 393216K
  class space    used 597K, committed 704K, reserved 327680K
}
Event: 17.151 GC heap before
{Heap before GC invocations=2 (full 0):
 garbage-first heap   total 262144K, used 104908K [0x00000000e0000000, 0x0000000100000000)
  region size 1024K, 90 young (92160K), 2 survivors (2048K)
 Metaspace       used 17229K, committed 17792K, reserved 393216K
  class space    used 2396K, committed 2688K, reserved 327680K
}
Event: 17.192 GC heap after
{Heap after GC invocations=3 (full 0):
 garbage-first heap   total 262144K, used 23213K [0x00000000e0000000, 0x0000000100000000)
  region size 1024K, 11 young (11264K), 11 survivors (11264K)
 Metaspace       used 17229K, committed 17792K, reserved 393216K
  class space    used 2396K, committed 2688K, reserved 327680K
}
Event: 18.357 GC heap before
{Heap before GC invocations=3 (full 0):
 garbage-first heap   total 262144K, used 49837K [0x00000000e0000000, 0x0000000100000000)
  region size 1024K, 38 young (38912K), 11 survivors (11264K)
 Metaspace       used 20813K, committed 21504K, reserved 393216K
  class space    used 2982K, committed 3328K, reserved 327680K
}
Event: 18.363 GC heap after
{Heap after GC invocations=4 (full 0):
 garbage-first heap   total 262144K, used 25791K [0x00000000e0000000, 0x0000000100000000)
  region size 1024K, 13 young (13312K), 13 survivors (13312K)
 Metaspace       used 20813K, committed 21504K, reserved 393216K
  class space    used 2982K, committed 3328K, reserved 327680K
}
Event: 64.937 GC heap before
{Heap before GC invocations=5 (full 0):
 garbage-first heap   total 262144K, used 134335K [0x00000000e0000000, 0x0000000100000000)
  region size 1024K, 121 young (123904K), 13 survivors (13312K)
 Metaspace       used 35041K, committed 36416K, reserved 393216K
  class space    used 5189K, committed 5888K, reserved 327680K
}
Event: 65.043 GC heap after
{Heap after GC invocations=6 (full 0):
 garbage-first heap   total 262144K, used 31572K [0x00000000e0000000, 0x0000000100000000)
  region size 1024K, 9 young (9216K), 9 survivors (9216K)
 Metaspace       used 35041K, committed 36416K, reserved 393216K
  class space    used 5189K, committed 5888K, reserved 327680K
}
Event: 65.645 GC heap before
{Heap before GC invocations=6 (full 0):
 garbage-first heap   total 262144K, used 32596K [0x00000000e0000000, 0x0000000100000000)
  region size 1024K, 11 young (11264K), 9 survivors (9216K)
 Metaspace       used 35360K, committed 36736K, reserved 393216K
  class space    used 5233K, committed 5888K, reserved 327680K
}
Event: 65.697 GC heap after
{Heap after GC invocations=7 (full 0):
 garbage-first heap   total 262144K, used 32105K [0x00000000e0000000, 0x0000000100000000)
  region size 1024K, 9 young (9216K), 9 survivors (9216K)
 Metaspace       used 35360K, committed 36736K, reserved 393216K
  class space    used 5233K, committed 5888K, reserved 327680K
}
Event: 66.311 GC heap before
{Heap before GC invocations=7 (full 0):
 garbage-first heap   total 262144K, used 35177K [0x00000000e0000000, 0x0000000100000000)
  region size 1024K, 13 young (13312K), 9 survivors (9216K)
 Metaspace       used 35627K, committed 37056K, reserved 393216K
  class space    used 5263K, committed 5952K, reserved 327680K
}
Event: 66.346 GC heap after
{Heap after GC invocations=8 (full 0):
 garbage-first heap   total 262144K, used 32955K [0x00000000e0000000, 0x0000000100000000)
  region size 1024K, 10 young (10240K), 10 survivors (10240K)
 Metaspace       used 35627K, committed 37056K, reserved 393216K
  class space    used 5263K, committed 5952K, reserved 327680K
}

