# JRE version: OpenJDK Runtime Environment Temurin-21.0.12.1+1 (21.0.12.1+1) (build 21.0.12.1+1-LTS)
# Java VM: OpenJDK 64-Bit Server VM Temurin-21.0.12.1+1 (21.0.12.1+1-LTS, mixed mode, sharing, tiered, compressed oops, compressed class ptrs, g1 gc, windows-amd64)
GC Precious Log:
 CardTable entry size: 512
 Card Set container configuration: InlinePtr #cards 5 size 8 Array Of Cards #cards 12 size 40 Howl #buckets 4 coarsen threshold 1843 Howl Bitmap #cards 512 size 80 coarsen threshold 460 Card regions per heap region 1 cards per card region 2048
 CPUs: 12 total, 12 available
 Memory: 16067M
 Large Page Support: Disabled
 NUMA Support: Disabled
 Compressed Oops: Enabled (32-bit)
 Heap Region Size: 1M
 Heap Min Capacity: 256M
 Heap Initial Capacity: 256M
 Heap Max Capacity: 512M
 Pre-touch: Disabled
 Parallel Workers: 10
 Concurrent Workers: 3
 Concurrent Refinement Workers: 10
 Periodic GC: Disabled
Heap:
 garbage-first heap   total 262144K, used 161903K [0x00000000e0000000, 0x0000000100000000)
  region size 1024K, 134 young (137216K), 16 survivors (16384K)
 Metaspace       used 57874K, committed 60160K, reserved 393216K
  class space    used 8670K, committed 9792K, reserved 327680K
GC Heap History (14 events):
Event: 3.691 GC heap before
{Heap before GC invocations=0 (full 0):
 garbage-first heap   total 262144K, used 26624K [0x00000000e0000000, 0x0000000100000000)
  region size 1024K, 23 young (23552K), 0 survivors (0K)
 Metaspace       used 2490K, committed 2688K, reserved 393216K
  class space    used 287K, committed 384K, reserved 327680K
}
Event: 3.907 GC heap after
{Heap after GC invocations=1 (full 0):
 garbage-first heap   total 262144K, used 11199K [0x00000000e0000000, 0x0000000100000000)
  region size 1024K, 3 young (3072K), 3 survivors (3072K)
 Metaspace       used 2490K, committed 2688K, reserved 393216K
  class space    used 287K, committed 384K, reserved 327680K
}
Event: 7.415 GC heap before
{Heap before GC invocations=1 (full 0):
 garbage-first heap   total 262144K, used 38847K [0x00000000e0000000, 0x0000000100000000)
  region size 1024K, 31 young (31744K), 3 survivors (3072K)
 Metaspace       used 4631K, committed 4800K, reserved 393216K
  class space    used 597K, committed 704K, reserved 327680K
}
Event: 7.419 GC heap after
{Heap after GC invocations=2 (full 0):
 garbage-first heap   total 262144K, used 12729K [0x00000000e0000000, 0x0000000100000000)
  region size 1024K, 2 young (2048K), 2 survivors (2048K)
 Metaspace       used 4631K, committed 4800K, reserved 393216K
  class space    used 597K, committed 704K, reserved 327680K
}
Event: 16.936 GC heap before
{Heap before GC invocations=2 (full 0):
 garbage-first heap   total 262144K, used 128441K [0x00000000e0000000, 0x0000000100000000)
  region size 1024K, 114 young (116736K), 2 survivors (2048K)
 Metaspace       used 20834K, committed 21504K, reserved 393216K
  class space    used 2989K, committed 3328K, reserved 327680K
}
Event: 17.001 GC heap after
{Heap after GC invocations=3 (full 0):
 garbage-first heap   total 262144K, used 24629K [0x00000000e0000000, 0x0000000100000000)
  region size 1024K, 13 young (13312K), 13 survivors (13312K)
 Metaspace       used 20834K, committed 21504K, reserved 393216K
  class space    used 2989K, committed 3328K, reserved 327680K
}
Event: 34.029 GC heap before
{Heap before GC invocations=4 (full 0):
 garbage-first heap   total 262144K, used 129077K [0x00000000e0000000, 0x0000000100000000)
  region size 1024K, 117 young (119808K), 13 survivors (13312K)
 Metaspace       used 34873K, committed 36288K, reserved 393216K
  class space    used 5172K, committed 5888K, reserved 327680K
}
Event: 34.045 GC heap after
{Heap after GC invocations=5 (full 0):
 garbage-first heap   total 262144K, used 32131K [0x00000000e0000000, 0x0000000100000000)
  region size 1024K, 8 young (8192K), 8 survivors (8192K)
 Metaspace       used 34873K, committed 36288K, reserved 393216K
  class space    used 5172K, committed 5888K, reserved 327680K
}
Event: 34.139 GC heap before
{Heap before GC invocations=5 (full 0):
 garbage-first heap   total 262144K, used 33155K [0x00000000e0000000, 0x0000000100000000)
  region size 1024K, 10 young (10240K), 8 survivors (8192K)
 Metaspace       used 35293K, committed 36608K, reserved 393216K
  class space    used 5233K, committed 5888K, reserved 327680K
}
Event: 34.145 GC heap after
{Heap after GC invocations=6 (full 0):
 garbage-first heap   total 262144K, used 32537K [0x00000000e0000000, 0x0000000100000000)
  region size 1024K, 7 young (7168K), 7 survivors (7168K)
 Metaspace       used 35293K, committed 36608K, reserved 393216K
  class space    used 5233K, committed 5888K, reserved 327680K
}
Event: 34.221 GC heap before
{Heap before GC invocations=6 (full 0):
 garbage-first heap   total 262144K, used 34585K [0x00000000e0000000, 0x0000000100000000)
  region size 1024K, 10 young (10240K), 7 survivors (7168K)
 Metaspace       used 35548K, committed 36928K, reserved 393216K
  class space    used 5263K, committed 5952K, reserved 327680K
}
Event: 34.227 GC heap after
{Heap after GC invocations=7 (full 0):
 garbage-first heap   total 262144K, used 32867K [0x00000000e0000000, 0x0000000100000000)
  region size 1024K, 8 young (8192K), 8 survivors (8192K)
 Metaspace       used 35548K, committed 36928K, reserved 393216K
  class space    used 5263K, committed 5952K, reserved 327680K
}
Event: 235.224 GC heap before
{Heap before GC invocations=8 (full 0):
 garbage-first heap   total 262144K, used 175203K [0x00000000e0000000, 0x0000000100000000)
  region size 1024K, 147 young (150528K), 8 survivors (8192K)
 Metaspace       used 49161K, committed 51136K, reserved 393216K
  class space    used 7408K, committed 8384K, reserved 327680K
}
Event: 235.237 GC heap after
{Heap after GC invocations=9 (full 0):
 garbage-first heap   total 262144K, used 41071K [0x00000000e0000000, 0x0000000100000000)
  region size 1024K, 16 young (16384K), 16 survivors (16384K)
 Metaspace       used 49161K, committed 51136K, reserved 393216K
  class space    used 7408K, committed 8384K, reserved 327680K
}

