# JRE version: OpenJDK Runtime Environment Temurin-21.0.12.1+1 (21.0.12.1+1) (build 21.0.12.1+1-LTS)
# Java VM: OpenJDK 64-Bit Server VM Temurin-21.0.12.1+1 (21.0.12.1+1-LTS, mixed mode, sharing, tiered, compressed oops, compressed class ptrs, g1 gc, windows-amd64)
GC Precious Log:
 CardTable entry size: 512
 Card Set container configuration: InlinePtr #cards 5 size 8 Array Of Cards #cards 12 size 40 Howl #buckets 4 coarsen threshold 1843 Howl Bitmap #cards 512 size 80 coarsen threshold 460 Card regions per heap region 1 cards per card region 2048
 CPUs: 12 total, 12 available
 Memory: 16067M
 Large Page Support: Disabled
 NUMA Support: Disabled
 Compressed Oops: Enabled (32-bit)
 Heap Region Size: 1M
 Heap Min Capacity: 256M
 Heap Initial Capacity: 256M
 Heap Max Capacity: 512M
 Pre-touch: Disabled
 Parallel Workers: 10
 Concurrent Workers: 3
 Concurrent Refinement Workers: 10
 Periodic GC: Disabled
Heap:
 garbage-first heap   total 262144K, used 43462K [0x00000000e0000000, 0x0000000100000000)
  region size 1024K, 12 young (12288K), 2 survivors (2048K)
 Metaspace       used 39255K, committed 40896K, reserved 393216K
  class space    used 5840K, committed 6656K, reserved 327680K
GC Heap History (20 events):
Event: 3.452 GC heap before
{Heap before GC invocations=0 (full 0):
 garbage-first heap   total 262144K, used 26624K [0x00000000e0000000, 0x0000000100000000)
  region size 1024K, 23 young (23552K), 0 survivors (0K)
 Metaspace       used 2710K, committed 2880K, reserved 393216K
  class space    used 319K, committed 384K, reserved 327680K
}
Event: 3.630 GC heap after
{Heap after GC invocations=1 (full 0):
 garbage-first heap   total 262144K, used 11264K [0x00000000e0000000, 0x0000000100000000)
  region size 1024K, 3 young (3072K), 3 survivors (3072K)
 Metaspace       used 2710K, committed 2880K, reserved 393216K
  class space    used 319K, committed 384K, reserved 327680K
}
Event: 6.970 GC heap before
{Heap before GC invocations=1 (full 0):
 garbage-first heap   total 262144K, used 37888K [0x00000000e0000000, 0x0000000100000000)
  region size 1024K, 29 young (29696K), 3 survivors (3072K)
 Metaspace       used 4606K, committed 4800K, reserved 393216K
  class space    used 598K, committed 704K, reserved 327680K
}
Event: 6.975 GC heap after
{Heap after GC invocations=2 (full 0):
 garbage-first heap   total 262144K, used 12809K [0x00000000e0000000, 0x0000000100000000)
  region size 1024K, 2 young (2048K), 2 survivors (2048K)
 Metaspace       used 4606K, committed 4800K, reserved 393216K
  class space    used 598K, committed 704K, reserved 327680K
}
Event: 19.150 GC heap before
{Heap before GC invocations=2 (full 0):
 garbage-first heap   total 262144K, used 102921K [0x00000000e0000000, 0x0000000100000000)
  region size 1024K, 89 young (91136K), 2 survivors (2048K)
 Metaspace       used 17138K, committed 17600K, reserved 393216K
  class space    used 2379K, committed 2624K, reserved 327680K
}
Event: 19.161 GC heap after
{Heap after GC invocations=3 (full 0):
 garbage-first heap   total 262144K, used 23153K [0x00000000e0000000, 0x0000000100000000)
  region size 1024K, 11 young (11264K), 11 survivors (11264K)
 Metaspace       used 17138K, committed 17600K, reserved 393216K
  class space    used 2379K, committed 2624K, reserved 327680K
}
Event: 20.232 GC heap before
{Heap before GC invocations=3 (full 0):
 garbage-first heap   total 262144K, used 49777K [0x00000000e0000000, 0x0000000100000000)
  region size 1024K, 38 young (38912K), 11 survivors (11264K)
 Metaspace       used 20815K, committed 21504K, reserved 393216K
  class space    used 2985K, committed 3328K, reserved 327680K
}
Event: 20.240 GC heap after
{Heap after GC invocations=4 (full 0):
 garbage-first heap   total 262144K, used 25577K [0x00000000e0000000, 0x0000000100000000)
  region size 1024K, 13 young (13312K), 13 survivors (13312K)
 Metaspace       used 20815K, committed 21504K, reserved 393216K
  class space    used 2985K, committed 3328K, reserved 327680K
}
Event: 94.317 GC heap before
{Heap before GC invocations=5 (full 0):
 garbage-first heap   total 262144K, used 134121K [0x00000000e0000000, 0x0000000100000000)
  region size 1024K, 121 young (123904K), 13 survivors (13312K)
 Metaspace       used 34766K, committed 36096K, reserved 393216K
  class space    used 5156K, committed 5824K, reserved 327680K
}
Event: 98.191 GC heap after
{Heap after GC invocations=6 (full 0):
 garbage-first heap   total 262144K, used 31107K [0x00000000e0000000, 0x0000000100000000)
  region size 1024K, 8 young (8192K), 8 survivors (8192K)
 Metaspace       used 34766K, committed 36096K, reserved 393216K
  class space    used 5156K, committed 5824K, reserved 327680K
}
Event: 103.550 GC heap before
{Heap before GC invocations=6 (full 0):
 garbage-first heap   total 262144K, used 33155K [0x00000000e0000000, 0x0000000100000000)
  region size 1024K, 11 young (11264K), 8 survivors (8192K)
 Metaspace       used 35053K, committed 36416K, reserved 393216K
  class space    used 5176K, committed 5824K, reserved 327680K
}
Event: 103.558 GC heap after
{Heap after GC invocations=7 (full 0):
 garbage-first heap   total 262144K, used 32450K [0x00000000e0000000, 0x0000000100000000)
  region size 1024K, 2 young (2048K), 2 survivors (2048K)
 Metaspace       used 35053K, committed 36416K, reserved 393216K
  class space    used 5176K, committed 5824K, reserved 327680K
}
Event: 107.895 GC heap before
{Heap before GC invocations=7 (full 0):
 garbage-first heap   total 262144K, used 33474K [0x00000000e0000000, 0x0000000100000000)
  region size 1024K, 4 young (4096K), 2 survivors (2048K)
 Metaspace       used 35361K, committed 36736K, reserved 393216K
  class space    used 5224K, committed 5888K, reserved 327680K
}
Event: 107.899 GC heap after
{Heap after GC invocations=8 (full 0):
 garbage-first heap   total 262144K, used 31693K [0x00000000e0000000, 0x0000000100000000)
  region size 1024K, 1 young (1024K), 1 survivors (1024K)
 Metaspace       used 35361K, committed 36736K, reserved 393216K
  class space    used 5224K, committed 5888K, reserved 327680K
}
Event: 123.372 GC heap before
{Heap before GC invocations=9 (full 0):
 garbage-first heap   total 262144K, used 42957K [0x00000000e0000000, 0x0000000100000000)
  region size 1024K, 12 young (12288K), 1 survivors (1024K)
 Metaspace       used 36594K, committed 38144K, reserved 393216K
  class space    used 5420K, committed 6144K, reserved 327680K
}
Event: 123.378 GC heap after
{Heap after GC invocations=10 (full 0):
 garbage-first heap   total 262144K, used 32863K [0x00000000e0000000, 0x0000000100000000)
  region size 1024K, 2 young (2048K), 2 survivors (2048K)
 Metaspace       used 36594K, committed 38144K, reserved 393216K
  class space    used 5420K, committed 6144K, reserved 327680K
}
Event: 153.250 GC heap before
{Heap before GC invocations=10 (full 0):
 garbage-first heap   total 262144K, used 43103K [0x00000000e0000000, 0x0000000100000000)
  region size 1024K, 12 young (12288K), 2 survivors (2048K)
 Metaspace       used 37447K, committed 38976K, reserved 393216K
  class space    used 5550K, committed 6272K, reserved 327680K
}
Event: 153.254 GC heap after
{Heap after GC invocations=11 (full 0):
 garbage-first heap   total 262144K, used 33404K [0x00000000e0000000, 0x0000000100000000)
  region size 1024K, 2 young (2048K), 2 survivors (2048K)
 Metaspace       used 37447K, committed 38976K, reserved 393216K
  class space    used 5550K, committed 6272K, reserved 327680K
}
Event: 195.059 GC heap before
{Heap before GC invocations=11 (full 0):
 garbage-first heap   total 262144K, used 43644K [0x00000000e0000000, 0x0000000100000000)
  region size 1024K, 12 young (12288K), 2 survivors (2048K)
 Metaspace       used 38445K, committed 40000K, reserved 393216K
  class space    used 5693K, committed 6464K, reserved 327680K
}
Event: 195.063 GC heap after
{Heap after GC invocations=12 (full 0):
 garbage-first heap   total 262144K, used 34246K [0x00000000e0000000, 0x0000000100000000)
  region size 1024K, 2 young (2048K), 2 survivors (2048K)
 Metaspace       used 38445K, committed 40000K, reserved 393216K
  class space    used 5693K, committed 6464K, reserved 327680K
}

