# JRE version: Java(TM) SE Runtime Environment (21.0.10+8) (build 21.0.10+8-LTS-217)
# Java VM: Java HotSpot(TM) 64-Bit Server VM (21.0.10+8-LTS-217, mixed mode, sharing, tiered, compressed oops, compressed class ptrs, g1 gc, windows-amd64)
GC Precious Log:
 CardTable entry size: 512
 Card Set container configuration: InlinePtr #cards 5 size 8 Array Of Cards #cards 12 size 40 Howl #buckets 4 coarsen threshold 1843 Howl Bitmap #cards 512 size 80 coarsen threshold 460 Card regions per heap region 1 cards per card region 2048
 CPUs: 12 total, 12 available
 Memory: 16067M
 Large Page Support: Disabled
 NUMA Support: Disabled
 Compressed Oops: Enabled (32-bit)
 Heap Region Size: 1M
 Heap Min Capacity: 256M
 Heap Initial Capacity: 256M
 Heap Max Capacity: 512M
 Pre-touch: Disabled
 Parallel Workers: 10
 Concurrent Workers: 3
 Concurrent Refinement Workers: 10
 Periodic GC: Disabled
Heap:
 garbage-first heap   total 262144K, used 78348K [0x00000000e0000000, 0x0000000100000000)
  region size 1024K, 21 young (21504K), 6 survivors (6144K)
 Metaspace       used 75087K, committed 78464K, reserved 458752K
  class space    used 10108K, committed 11840K, reserved 327680K
GC Heap History (20 events):
Event: 609.578 GC heap before
{Heap before GC invocations=135 (full 0):
 garbage-first heap   total 262144K, used 215828K [0x00000000e0000000, 0x0000000100000000)
  region size 1024K, 153 young (156672K), 6 survivors (6144K)
 Metaspace       used 75066K, committed 78464K, reserved 458752K
  class space    used 10107K, committed 11840K, reserved 327680K
}
Event: 609.585 GC heap after
{Heap after GC invocations=136 (full 0):
 garbage-first heap   total 262144K, used 67110K [0x00000000e0000000, 0x0000000100000000)
  region size 1024K, 8 young (8192K), 8 survivors (8192K)
 Metaspace       used 75066K, committed 78464K, reserved 458752K
  class space    used 10107K, committed 11840K, reserved 327680K
}
Event: 615.020 GC heap before
{Heap before GC invocations=136 (full 0):
 garbage-first heap   total 262144K, used 215590K [0x00000000e0000000, 0x0000000100000000)
  region size 1024K, 153 young (156672K), 8 survivors (8192K)
 Metaspace       used 75069K, committed 78464K, reserved 458752K
  class space    used 10107K, committed 11840K, reserved 327680K
}
Event: 615.028 GC heap after
{Heap after GC invocations=137 (full 0):
 garbage-first heap   total 262144K, used 68317K [0x00000000e0000000, 0x0000000100000000)
  region size 1024K, 9 young (9216K), 9 survivors (9216K)
 Metaspace       used 75069K, committed 78464K, reserved 458752K
  class space    used 10107K, committed 11840K, reserved 327680K
}
Event: 620.645 GC heap before
{Heap before GC invocations=137 (full 0):
 garbage-first heap   total 262144K, used 215773K [0x00000000e0000000, 0x0000000100000000)
  region size 1024K, 153 young (156672K), 9 survivors (9216K)
 Metaspace       used 75069K, committed 78464K, reserved 458752K
  class space    used 10107K, committed 11840K, reserved 327680K
}
Event: 620.653 GC heap after
{Heap after GC invocations=138 (full 0):
 garbage-first heap   total 262144K, used 69865K [0x00000000e0000000, 0x0000000100000000)
  region size 1024K, 10 young (10240K), 10 survivors (10240K)
 Metaspace       used 75069K, committed 78464K, reserved 458752K
  class space    used 10107K, committed 11840K, reserved 327680K
}
Event: 625.641 GC heap before
{Heap before GC invocations=138 (full 0):
 garbage-first heap   total 262144K, used 216297K [0x00000000e0000000, 0x0000000100000000)
  region size 1024K, 153 young (156672K), 10 survivors (10240K)
 Metaspace       used 75069K, committed 78464K, reserved 458752K
  class space    used 10107K, committed 11840K, reserved 327680K
}
Event: 625.646 GC heap after
{Heap after GC invocations=139 (full 0):
 garbage-first heap   total 262144K, used 67289K [0x00000000e0000000, 0x0000000100000000)
  region size 1024K, 8 young (8192K), 8 survivors (8192K)
 Metaspace       used 75069K, committed 78464K, reserved 458752K
  class space    used 10107K, committed 11840K, reserved 327680K
}
Event: 630.789 GC heap before
{Heap before GC invocations=139 (full 0):
 garbage-first heap   total 262144K, used 215769K [0x00000000e0000000, 0x0000000100000000)
  region size 1024K, 153 young (156672K), 8 survivors (8192K)
 Metaspace       used 75075K, committed 78464K, reserved 458752K
  class space    used 10107K, committed 11840K, reserved 327680K
}
Event: 630.794 GC heap after
{Heap after GC invocations=140 (full 0):
 garbage-first heap   total 262144K, used 67378K [0x00000000e0000000, 0x0000000100000000)
  region size 1024K, 8 young (8192K), 8 survivors (8192K)
 Metaspace       used 75075K, committed 78464K, reserved 458752K
  class space    used 10107K, committed 11840K, reserved 327680K
}
Event: 636.183 GC heap before
{Heap before GC invocations=140 (full 0):
 garbage-first heap   total 262144K, used 215858K [0x00000000e0000000, 0x0000000100000000)
  region size 1024K, 153 young (156672K), 8 survivors (8192K)
 Metaspace       used 75076K, committed 78464K, reserved 458752K
  class space    used 10107K, committed 11840K, reserved 327680K
}
Event: 636.190 GC heap after
{Heap after GC invocations=141 (full 0):
 garbage-first heap   total 262144K, used 67989K [0x00000000e0000000, 0x0000000100000000)
  region size 1024K, 8 young (8192K), 8 survivors (8192K)
 Metaspace       used 75076K, committed 78464K, reserved 458752K
  class space    used 10107K, committed 11840K, reserved 327680K
}
Event: 643.919 GC heap before
{Heap before GC invocations=141 (full 0):
 garbage-first heap   total 262144K, used 216469K [0x00000000e0000000, 0x0000000100000000)
  region size 1024K, 153 young (156672K), 8 survivors (8192K)
 Metaspace       used 75077K, committed 78464K, reserved 458752K
  class space    used 10107K, committed 11840K, reserved 327680K
}
Event: 643.925 GC heap after
{Heap after GC invocations=142 (full 0):
 garbage-first heap   total 262144K, used 62709K [0x00000000e0000000, 0x0000000100000000)
  region size 1024K, 3 young (3072K), 3 survivors (3072K)
 Metaspace       used 75077K, committed 78464K, reserved 458752K
  class space    used 10107K, committed 11840K, reserved 327680K
}
Event: 650.425 GC heap before
{Heap before GC invocations=142 (full 0):
 garbage-first heap   total 262144K, used 216309K [0x00000000e0000000, 0x0000000100000000)
  region size 1024K, 153 young (156672K), 3 survivors (3072K)
 Metaspace       used 75084K, committed 78464K, reserved 458752K
  class space    used 10108K, committed 11840K, reserved 327680K
}
Event: 650.430 GC heap after
{Heap after GC invocations=143 (full 0):
 garbage-first heap   total 262144K, used 65069K [0x00000000e0000000, 0x0000000100000000)
  region size 1024K, 6 young (6144K), 6 survivors (6144K)
 Metaspace       used 75084K, committed 78464K, reserved 458752K
  class space    used 10108K, committed 11840K, reserved 327680K
}
Event: 657.540 GC heap before
{Heap before GC invocations=143 (full 0):
 garbage-first heap   total 262144K, used 215597K [0x00000000e0000000, 0x0000000100000000)
  region size 1024K, 153 young (156672K), 6 survivors (6144K)
 Metaspace       used 75084K, committed 78464K, reserved 458752K
  class space    used 10108K, committed 11840K, reserved 327680K
}
Event: 657.544 GC heap after
{Heap after GC invocations=144 (full 0):
 garbage-first heap   total 262144K, used 64604K [0x00000000e0000000, 0x0000000100000000)
  region size 1024K, 5 young (5120K), 5 survivors (5120K)
 Metaspace       used 75084K, committed 78464K, reserved 458752K
  class space    used 10108K, committed 11840K, reserved 327680K
}
Event: 883.216 GC heap before
{Heap before GC invocations=144 (full 0):
 garbage-first heap   total 262144K, used 216156K [0x00000000e0000000, 0x0000000100000000)
  region size 1024K, 153 young (156672K), 5 survivors (5120K)
 Metaspace       used 75087K, committed 78464K, reserved 458752K
  class space    used 10108K, committed 11840K, reserved 327680K
}
Event: 883.285 GC heap after
{Heap after GC invocations=145 (full 0):
 garbage-first heap   total 262144K, used 65036K [0x00000000e0000000, 0x0000000100000000)
  region size 1024K, 6 young (6144K), 6 survivors (6144K)
 Metaspace       used 75087K, committed 78464K, reserved 458752K
  class space    used 10108K, committed 11840K, reserved 327680K
}

