# JRE version: OpenJDK Runtime Environment Temurin-21.0.12.1+1 (21.0.12.1+1) (build 21.0.12.1+1-LTS)
# Java VM: OpenJDK 64-Bit Server VM Temurin-21.0.12.1+1 (21.0.12.1+1-LTS, mixed mode, sharing, tiered, compressed oops, compressed class ptrs, g1 gc, windows-amd64)
GC Precious Log:
 CardTable entry size: 512
 Card Set container configuration: InlinePtr #cards 5 size 8 Array Of Cards #cards 12 size 40 Howl #buckets 4 coarsen threshold 1843 Howl Bitmap #cards 512 size 80 coarsen threshold 460 Card regions per heap region 1 cards per card region 2048
 CPUs: 12 total, 12 available
 Memory: 16067M
 Large Page Support: Disabled
 NUMA Support: Disabled
 Compressed Oops: Enabled (32-bit)
 Heap Region Size: 1M
 Heap Min Capacity: 256M
 Heap Initial Capacity: 256M
 Heap Max Capacity: 512M
 Pre-touch: Disabled
 Parallel Workers: 10
 Concurrent Workers: 3
 Concurrent Refinement Workers: 10
 Periodic GC: Disabled
Heap:
 garbage-first heap   total 262144K, used 39237K [0x00000000e0000000, 0x0000000100000000)
  region size 1024K, 7 young (7168K), 3 survivors (3072K)
 Metaspace       used 44956K, committed 46784K, reserved 393216K
  class space    used 6640K, committed 7552K, reserved 327680K
GC Heap History (20 events):
Event: 220.270 GC heap before
{Heap before GC invocations=6 (full 0):
 garbage-first heap   total 262144K, used 37045K [0x00000000e0000000, 0x0000000100000000)
  region size 1024K, 12 young (12288K), 1 survivors (1024K)
 Metaspace       used 23693K, committed 24512K, reserved 393216K
  class space    used 3437K, committed 3840K, reserved 327680K
}
Event: 220.277 GC heap after
{Heap after GC invocations=7 (full 0):
 garbage-first heap   total 262144K, used 26630K [0x00000000e0000000, 0x0000000100000000)
  region size 1024K, 2 young (2048K), 2 survivors (2048K)
 Metaspace       used 23693K, committed 24512K, reserved 393216K
  class space    used 3437K, committed 3840K, reserved 327680K
}
Event: 221.402 GC heap before
{Heap before GC invocations=7 (full 0):
 garbage-first heap   total 262144K, used 36870K [0x00000000e0000000, 0x0000000100000000)
  region size 1024K, 12 young (12288K), 2 survivors (2048K)
 Metaspace       used 25120K, committed 26112K, reserved 393216K
  class space    used 3689K, committed 4160K, reserved 327680K
}
Event: 221.404 GC heap after
{Heap after GC invocations=8 (full 0):
 garbage-first heap   total 262144K, used 27136K [0x00000000e0000000, 0x0000000100000000)
  region size 1024K, 2 young (2048K), 2 survivors (2048K)
 Metaspace       used 25120K, committed 26112K, reserved 393216K
  class space    used 3689K, committed 4160K, reserved 327680K
}
Event: 222.737 GC heap before
{Heap before GC invocations=8 (full 0):
 garbage-first heap   total 262144K, used 38400K [0x00000000e0000000, 0x0000000100000000)
  region size 1024K, 12 young (12288K), 2 survivors (2048K)
 Metaspace       used 27253K, committed 28224K, reserved 393216K
  class space    used 3906K, committed 4352K, reserved 327680K
}
Event: 222.740 GC heap after
{Heap after GC invocations=9 (full 0):
 garbage-first heap   total 262144K, used 27472K [0x00000000e0000000, 0x0000000100000000)
  region size 1024K, 1 young (1024K), 1 survivors (1024K)
 Metaspace       used 27253K, committed 28224K, reserved 393216K
  class space    used 3906K, committed 4352K, reserved 327680K
}
Event: 224.500 GC heap before
{Heap before GC invocations=9 (full 0):
 garbage-first heap   total 262144K, used 37712K [0x00000000e0000000, 0x0000000100000000)
  region size 1024K, 12 young (12288K), 1 survivors (1024K)
 Metaspace       used 28750K, committed 29760K, reserved 393216K
  class space    used 4120K, committed 4608K, reserved 327680K
}
Event: 224.502 GC heap after
{Heap after GC invocations=10 (full 0):
 garbage-first heap   total 262144K, used 27913K [0x00000000e0000000, 0x0000000100000000)
  region size 1024K, 2 young (2048K), 2 survivors (2048K)
 Metaspace       used 28750K, committed 29760K, reserved 393216K
  class space    used 4120K, committed 4608K, reserved 327680K
}
Event: 226.276 GC heap before
{Heap before GC invocations=10 (full 0):
 garbage-first heap   total 262144K, used 38153K [0x00000000e0000000, 0x0000000100000000)
  region size 1024K, 12 young (12288K), 2 survivors (2048K)
 Metaspace       used 30134K, committed 31232K, reserved 393216K
  class space    used 4354K, committed 4864K, reserved 327680K
}
Event: 226.277 GC heap after
{Heap after GC invocations=11 (full 0):
 garbage-first heap   total 262144K, used 28545K [0x00000000e0000000, 0x0000000100000000)
  region size 1024K, 2 young (2048K), 2 survivors (2048K)
 Metaspace       used 30134K, committed 31232K, reserved 393216K
  class space    used 4354K, committed 4864K, reserved 327680K
}
Event: 227.633 GC heap before
{Heap before GC invocations=11 (full 0):
 garbage-first heap   total 262144K, used 38785K [0x00000000e0000000, 0x0000000100000000)
  region size 1024K, 12 young (12288K), 2 survivors (2048K)
 Metaspace       used 31178K, committed 32384K, reserved 393216K
  class space    used 4540K, committed 5120K, reserved 327680K
}
Event: 227.635 GC heap after
{Heap after GC invocations=12 (full 0):
 garbage-first heap   total 262144K, used 29132K [0x00000000e0000000, 0x0000000100000000)
  region size 1024K, 2 young (2048K), 2 survivors (2048K)
 Metaspace       used 31178K, committed 32384K, reserved 393216K
  class space    used 4540K, committed 5120K, reserved 327680K
}
Event: 228.839 GC heap before
{Heap before GC invocations=12 (full 0):
 garbage-first heap   total 262144K, used 39372K [0x00000000e0000000, 0x0000000100000000)
  region size 1024K, 12 young (12288K), 2 survivors (2048K)
 Metaspace       used 32341K, committed 33664K, reserved 393216K
  class space    used 4735K, committed 5376K, reserved 327680K
}
Event: 228.840 GC heap after
{Heap after GC invocations=13 (full 0):
 garbage-first heap   total 262144K, used 29683K [0x00000000e0000000, 0x0000000100000000)
  region size 1024K, 2 young (2048K), 2 survivors (2048K)
 Metaspace       used 32341K, committed 33664K, reserved 393216K
  class space    used 4735K, committed 5376K, reserved 327680K
}
Event: 229.477 GC heap before
{Heap before GC invocations=13 (full 0):
 garbage-first heap   total 262144K, used 40947K [0x00000000e0000000, 0x0000000100000000)
  region size 1024K, 15 young (15360K), 2 survivors (2048K)
 Metaspace       used 34808K, committed 36096K, reserved 393216K
  class space    used 4971K, committed 5632K, reserved 327680K
}
Event: 229.482 GC heap after
{Heap after GC invocations=14 (full 0):
 garbage-first heap   total 262144K, used 30989K [0x00000000e0000000, 0x0000000100000000)
  region size 1024K, 3 young (3072K), 3 survivors (3072K)
 Metaspace       used 34808K, committed 36096K, reserved 393216K
  class space    used 4971K, committed 5632K, reserved 327680K
}
Event: 267.675 GC heap before
{Heap before GC invocations=15 (full 0):
 garbage-first heap   total 262144K, used 69901K [0x00000000e0000000, 0x0000000100000000)
  region size 1024K, 41 young (41984K), 3 survivors (3072K)
 Metaspace       used 39438K, committed 40960K, reserved 393216K
  class space    used 5731K, committed 6464K, reserved 327680K
}
Event: 268.105 GC heap after
{Heap after GC invocations=16 (full 0):
 garbage-first heap   total 262144K, used 34404K [0x00000000e0000000, 0x0000000100000000)
  region size 1024K, 6 young (6144K), 6 survivors (6144K)
 Metaspace       used 39438K, committed 40960K, reserved 393216K
  class space    used 5731K, committed 6464K, reserved 327680K
}
Event: 268.953 GC heap before
{Heap before GC invocations=16 (full 0):
 garbage-first heap   total 262144K, used 40548K [0x00000000e0000000, 0x0000000100000000)
  region size 1024K, 12 young (12288K), 6 survivors (6144K)
 Metaspace       used 40249K, committed 41792K, reserved 393216K
  class space    used 5859K, committed 6656K, reserved 327680K
}
Event: 268.962 GC heap after
{Heap after GC invocations=17 (full 0):
 garbage-first heap   total 262144K, used 34748K [0x00000000e0000000, 0x0000000100000000)
  region size 1024K, 1 young (1024K), 1 survivors (1024K)
 Metaspace       used 40249K, committed 41792K, reserved 393216K
  class space    used 5859K, committed 6656K, reserved 327680K
}

