# JRE version: OpenJDK Runtime Environment Temurin-21.0.12.1+1 (21.0.12.1+1) (build 21.0.12.1+1-LTS)
# Java VM: OpenJDK 64-Bit Server VM Temurin-21.0.12.1+1 (21.0.12.1+1-LTS, mixed mode, sharing, tiered, compressed oops, compressed class ptrs, g1 gc, windows-amd64)
GC Precious Log:
 CardTable entry size: 512
 Card Set container configuration: InlinePtr #cards 5 size 8 Array Of Cards #cards 12 size 40 Howl #buckets 4 coarsen threshold 1843 Howl Bitmap #cards 512 size 80 coarsen threshold 460 Card regions per heap region 1 cards per card region 2048
 CPUs: 12 total, 12 available
 Memory: 16067M
 Large Page Support: Disabled
 NUMA Support: Disabled
 Compressed Oops: Enabled (32-bit)
 Heap Region Size: 1M
 Heap Min Capacity: 256M
 Heap Initial Capacity: 256M
 Heap Max Capacity: 512M
 Pre-touch: Disabled
 Parallel Workers: 10
 Concurrent Workers: 3
 Concurrent Refinement Workers: 10
 Periodic GC: Disabled
Heap:
 garbage-first heap   total 262144K, used 43910K [0x00000000e0000000, 0x0000000100000000)
  region size 1024K, 12 young (12288K), 2 survivors (2048K)
 Metaspace       used 39302K, committed 40896K, reserved 393216K
  class space    used 5853K, committed 6656K, reserved 327680K
GC Heap History (18 events):
Event: 3.493 GC heap before
{Heap before GC invocations=0 (full 0):
 garbage-first heap   total 262144K, used 26624K [0x00000000e0000000, 0x0000000100000000)
  region size 1024K, 23 young (23552K), 0 survivors (0K)
 Metaspace       used 2814K, committed 2944K, reserved 393216K
  class space    used 331K, committed 384K, reserved 327680K
}
Event: 3.763 GC heap after
{Heap after GC invocations=1 (full 0):
 garbage-first heap   total 262144K, used 11093K [0x00000000e0000000, 0x0000000100000000)
  region size 1024K, 3 young (3072K), 3 survivors (3072K)
 Metaspace       used 2814K, committed 2944K, reserved 393216K
  class space    used 331K, committed 384K, reserved 327680K
}
Event: 6.383 GC heap before
{Heap before GC invocations=1 (full 0):
 garbage-first heap   total 262144K, used 37717K [0x00000000e0000000, 0x0000000100000000)
  region size 1024K, 29 young (29696K), 3 survivors (3072K)
 Metaspace       used 4606K, committed 4800K, reserved 393216K
  class space    used 599K, committed 704K, reserved 327680K
}
Event: 6.386 GC heap after
{Heap after GC invocations=2 (full 0):
 garbage-first heap   total 262144K, used 12559K [0x00000000e0000000, 0x0000000100000000)
  region size 1024K, 2 young (2048K), 2 survivors (2048K)
 Metaspace       used 4606K, committed 4800K, reserved 393216K
  class space    used 599K, committed 704K, reserved 327680K
}
Event: 24.874 GC heap before
{Heap before GC invocations=2 (full 0):
 garbage-first heap   total 262144K, used 111887K [0x00000000e0000000, 0x0000000100000000)
  region size 1024K, 97 young (99328K), 2 survivors (2048K)
 Metaspace       used 18398K, committed 19008K, reserved 393216K
  class space    used 2578K, committed 2880K, reserved 327680K
}
Event: 25.112 GC heap after
{Heap after GC invocations=3 (full 0):
 garbage-first heap   total 262144K, used 23494K [0x00000000e0000000, 0x0000000100000000)
  region size 1024K, 11 young (11264K), 11 survivors (11264K)
 Metaspace       used 18398K, committed 19008K, reserved 393216K
  class space    used 2578K, committed 2880K, reserved 327680K
}
Event: 26.332 GC heap before
{Heap before GC invocations=3 (full 0):
 garbage-first heap   total 262144K, used 41926K [0x00000000e0000000, 0x0000000100000000)
  region size 1024K, 30 young (30720K), 11 survivors (11264K)
 Metaspace       used 20841K, committed 21504K, reserved 393216K
  class space    used 2987K, committed 3328K, reserved 327680K
}
Event: 26.340 GC heap after
{Heap after GC invocations=4 (full 0):
 garbage-first heap   total 262144K, used 25392K [0x00000000e0000000, 0x0000000100000000)
  region size 1024K, 2 young (2048K), 2 survivors (2048K)
 Metaspace       used 20841K, committed 21504K, reserved 393216K
  class space    used 2987K, committed 3328K, reserved 327680K
}
Event: 102.464 GC heap before
{Heap before GC invocations=5 (full 0):
 garbage-first heap   total 262144K, used 135984K [0x00000000e0000000, 0x0000000100000000)
  region size 1024K, 112 young (114688K), 2 survivors (2048K)
 Metaspace       used 34968K, committed 36416K, reserved 393216K
  class space    used 5178K, committed 5888K, reserved 327680K
}
Event: 109.156 GC heap after
{Heap after GC invocations=6 (full 0):
 garbage-first heap   total 262144K, used 31739K [0x00000000e0000000, 0x0000000100000000)
  region size 1024K, 9 young (9216K), 9 survivors (9216K)
 Metaspace       used 34968K, committed 36416K, reserved 393216K
  class space    used 5178K, committed 5888K, reserved 327680K
}
Event: 120.723 GC heap before
{Heap before GC invocations=7 (full 0):
 garbage-first heap   total 262144K, used 34811K [0x00000000e0000000, 0x0000000100000000)
  region size 1024K, 12 young (12288K), 9 survivors (9216K)
 Metaspace       used 35269K, committed 36736K, reserved 393216K
  class space    used 5224K, committed 5952K, reserved 327680K
}
Event: 121.174 GC heap after
{Heap after GC invocations=8 (full 0):
 garbage-first heap   total 262144K, used 32439K [0x00000000e0000000, 0x0000000100000000)
  region size 1024K, 2 young (2048K), 2 survivors (2048K)
 Metaspace       used 35269K, committed 36736K, reserved 393216K
  class space    used 5224K, committed 5952K, reserved 327680K
}
Event: 123.860 GC heap before
{Heap before GC invocations=8 (full 0):
 garbage-first heap   total 262144K, used 42679K [0x00000000e0000000, 0x0000000100000000)
  region size 1024K, 12 young (12288K), 2 survivors (2048K)
 Metaspace       used 36488K, committed 38016K, reserved 393216K
  class space    used 5404K, committed 6144K, reserved 327680K
}
Event: 124.009 GC heap after
{Heap after GC invocations=9 (full 0):
 garbage-first heap   total 262144K, used 32867K [0x00000000e0000000, 0x0000000100000000)
  region size 1024K, 2 young (2048K), 2 survivors (2048K)
 Metaspace       used 36488K, committed 38016K, reserved 393216K
  class space    used 5404K, committed 6144K, reserved 327680K
}
Event: 163.878 GC heap before
{Heap before GC invocations=9 (full 0):
 garbage-first heap   total 262144K, used 42083K [0x00000000e0000000, 0x0000000100000000)
  region size 1024K, 12 young (12288K), 2 survivors (2048K)
 Metaspace       used 37375K, committed 38912K, reserved 393216K
  class space    used 5544K, committed 6272K, reserved 327680K
}
Event: 165.064 GC heap after
{Heap after GC invocations=10 (full 0):
 garbage-first heap   total 262144K, used 33768K [0x00000000e0000000, 0x0000000100000000)
  region size 1024K, 1 young (1024K), 1 survivors (1024K)
 Metaspace       used 37375K, committed 38912K, reserved 393216K
  class space    used 5544K, committed 6272K, reserved 327680K
}
Event: 198.348 GC heap before
{Heap before GC invocations=10 (full 0):
 garbage-first heap   total 262144K, used 45032K [0x00000000e0000000, 0x0000000100000000)
  region size 1024K, 12 young (12288K), 1 survivors (1024K)
 Metaspace       used 38410K, committed 40000K, reserved 393216K
  class space    used 5700K, committed 6464K, reserved 327680K
}
Event: 199.288 GC heap after
{Heap after GC invocations=11 (full 0):
 garbage-first heap   total 262144K, used 34694K [0x00000000e0000000, 0x0000000100000000)
  region size 1024K, 2 young (2048K), 2 survivors (2048K)
 Metaspace       used 38410K, committed 40000K, reserved 393216K
  class space    used 5700K, committed 6464K, reserved 327680K
}

