# JRE version: OpenJDK Runtime Environment Temurin-21.0.12.1+1 (21.0.12.1+1) (build 21.0.12.1+1-LTS)
# Java VM: OpenJDK 64-Bit Server VM Temurin-21.0.12.1+1 (21.0.12.1+1-LTS, mixed mode, sharing, tiered, compressed oops, compressed class ptrs, g1 gc, windows-amd64)
GC Precious Log:
 CardTable entry size: 512
 Card Set container configuration: InlinePtr #cards 5 size 8 Array Of Cards #cards 12 size 40 Howl #buckets 4 coarsen threshold 1843 Howl Bitmap #cards 512 size 80 coarsen threshold 460 Card regions per heap region 1 cards per card region 2048
 CPUs: 12 total, 12 available
 Memory: 16067M
 Large Page Support: Disabled
 NUMA Support: Disabled
 Compressed Oops: Enabled (32-bit)
 Heap Region Size: 1M
 Heap Min Capacity: 256M
 Heap Initial Capacity: 256M
 Heap Max Capacity: 512M
 Pre-touch: Disabled
 Parallel Workers: 10
 Concurrent Workers: 3
 Concurrent Refinement Workers: 10
 Periodic GC: Disabled
Heap:
 garbage-first heap   total 262144K, used 31290K [0x00000000e0000000, 0x0000000100000000)
  region size 1024K, 8 young (8192K), 6 survivors (6144K)
 Metaspace       used 33251K, committed 34688K, reserved 393216K
  class space    used 5048K, committed 5760K, reserved 327680K
GC Heap History (8 events):
Event: 12.148 GC heap before
{Heap before GC invocations=0 (full 0):
 garbage-first heap   total 262144K, used 27648K [0x00000000e0000000, 0x0000000100000000)
  region size 1024K, 23 young (23552K), 0 survivors (0K)
 Metaspace       used 2492K, committed 2688K, reserved 393216K
  class space    used 287K, committed 384K, reserved 327680K
}
Event: 12.163 GC heap after
{Heap after GC invocations=1 (full 0):
 garbage-first heap   total 262144K, used 11199K [0x00000000e0000000, 0x0000000100000000)
  region size 1024K, 3 young (3072K), 3 survivors (3072K)
 Metaspace       used 2492K, committed 2688K, reserved 393216K
  class space    used 287K, committed 384K, reserved 327680K
}
Event: 39.843 GC heap before
{Heap before GC invocations=1 (full 0):
 garbage-first heap   total 262144K, used 38847K [0x00000000e0000000, 0x0000000100000000)
  region size 1024K, 31 young (31744K), 3 survivors (3072K)
 Metaspace       used 4642K, committed 4800K, reserved 393216K
  class space    used 599K, committed 704K, reserved 327680K
}
Event: 39.846 GC heap after
{Heap after GC invocations=2 (full 0):
 garbage-first heap   total 262144K, used 12672K [0x00000000e0000000, 0x0000000100000000)
  region size 1024K, 2 young (2048K), 2 survivors (2048K)
 Metaspace       used 4642K, committed 4800K, reserved 393216K
  class space    used 599K, committed 704K, reserved 327680K
}
Event: 90.509 GC heap before
{Heap before GC invocations=2 (full 0):
 garbage-first heap   total 262144K, used 129408K [0x00000000e0000000, 0x0000000100000000)
  region size 1024K, 115 young (117760K), 2 survivors (2048K)
 Metaspace       used 20795K, committed 21504K, reserved 393216K
  class space    used 2976K, committed 3328K, reserved 327680K
}
Event: 90.519 GC heap after
{Heap after GC invocations=3 (full 0):
 garbage-first heap   total 262144K, used 24892K [0x00000000e0000000, 0x0000000100000000)
  region size 1024K, 13 young (13312K), 13 survivors (13312K)
 Metaspace       used 20795K, committed 21504K, reserved 393216K
  class space    used 2976K, committed 3328K, reserved 327680K
}
Event: 354.553 GC heap before
{Heap before GC invocations=4 (full 0):
 garbage-first heap   total 262144K, used 145724K [0x00000000e0000000, 0x0000000100000000)
  region size 1024K, 132 young (135168K), 13 survivors (13312K)
 Metaspace       used 33036K, committed 34432K, reserved 393216K
  class space    used 5005K, committed 5696K, reserved 327680K
}
Event: 354.787 GC heap after
{Heap after GC invocations=5 (full 0):
 garbage-first heap   total 262144K, used 30266K [0x00000000e0000000, 0x0000000100000000)
  region size 1024K, 6 young (6144K), 6 survivors (6144K)
 Metaspace       used 33036K, committed 34432K, reserved 393216K
  class space    used 5005K, committed 5696K, reserved 327680K
}

