# JRE version: OpenJDK Runtime Environment Temurin-21.0.12.1+1 (21.0.12.1+1) (build 21.0.12.1+1-LTS)
# Java VM: OpenJDK 64-Bit Server VM Temurin-21.0.12.1+1 (21.0.12.1+1-LTS, mixed mode, sharing, tiered, compressed oops, compressed class ptrs, g1 gc, windows-amd64)
GC Precious Log:
 CardTable entry size: 512
 Card Set container configuration: InlinePtr #cards 5 size 8 Array Of Cards #cards 12 size 40 Howl #buckets 4 coarsen threshold 1843 Howl Bitmap #cards 512 size 80 coarsen threshold 460 Card regions per heap region 1 cards per card region 2048
 CPUs: 12 total, 12 available
 Memory: 16067M
 Large Page Support: Disabled
 NUMA Support: Disabled
 Compressed Oops: Enabled (32-bit)
 Heap Region Size: 1M
 Heap Min Capacity: 256M
 Heap Initial Capacity: 256M
 Heap Max Capacity: 512M
 Pre-touch: Disabled
 Parallel Workers: 10
 Concurrent Workers: 3
 Concurrent Refinement Workers: 10
 Periodic GC: Disabled
Heap:
 garbage-first heap   total 262144K, used 68598K [0x00000000e0000000, 0x0000000100000000)
  region size 1024K, 46 young (47104K), 17 survivors (17408K)
 Metaspace       used 52436K, committed 54592K, reserved 393216K
  class space    used 7966K, committed 9024K, reserved 327680K
GC Heap History (16 events):
Event: 3.264 GC heap before
{Heap before GC invocations=0 (full 0):
 garbage-first heap   total 262144K, used 26624K [0x00000000e0000000, 0x0000000100000000)
  region size 1024K, 23 young (23552K), 0 survivors (0K)
 Metaspace       used 2697K, committed 2880K, reserved 393216K
  class space    used 320K, committed 384K, reserved 327680K
}
Event: 3.604 GC heap after
{Heap after GC invocations=1 (full 0):
 garbage-first heap   total 262144K, used 11264K [0x00000000e0000000, 0x0000000100000000)
  region size 1024K, 3 young (3072K), 3 survivors (3072K)
 Metaspace       used 2697K, committed 2880K, reserved 393216K
  class space    used 320K, committed 384K, reserved 327680K
}
Event: 6.041 GC heap before
{Heap before GC invocations=1 (full 0):
 garbage-first heap   total 262144K, used 37888K [0x00000000e0000000, 0x0000000100000000)
  region size 1024K, 29 young (29696K), 3 survivors (3072K)
 Metaspace       used 4604K, committed 4800K, reserved 393216K
  class space    used 596K, committed 704K, reserved 327680K
}
Event: 6.044 GC heap after
{Heap after GC invocations=2 (full 0):
 garbage-first heap   total 262144K, used 12690K [0x00000000e0000000, 0x0000000100000000)
  region size 1024K, 2 young (2048K), 2 survivors (2048K)
 Metaspace       used 4604K, committed 4800K, reserved 393216K
  class space    used 596K, committed 704K, reserved 327680K
}
Event: 24.787 GC heap before
{Heap before GC invocations=2 (full 0):
 garbage-first heap   total 262144K, used 104850K [0x00000000e0000000, 0x0000000100000000)
  region size 1024K, 90 young (92160K), 2 survivors (2048K)
 Metaspace       used 15938K, committed 16320K, reserved 393216K
  class space    used 2166K, committed 2368K, reserved 327680K
}
Event: 25.163 GC heap after
{Heap after GC invocations=3 (full 0):
 garbage-first heap   total 262144K, used 22780K [0x00000000e0000000, 0x0000000100000000)
  region size 1024K, 11 young (11264K), 11 survivors (11264K)
 Metaspace       used 15938K, committed 16320K, reserved 393216K
  class space    used 2166K, committed 2368K, reserved 327680K
}
Event: 40.084 GC heap before
{Heap before GC invocations=3 (full 0):
 garbage-first heap   total 262144K, used 57596K [0x00000000e0000000, 0x0000000100000000)
  region size 1024K, 46 young (47104K), 11 survivors (11264K)
 Metaspace       used 20840K, committed 21504K, reserved 393216K
  class space    used 2950K, committed 3264K, reserved 327680K
}
Event: 40.091 GC heap after
{Heap after GC invocations=4 (full 0):
 garbage-first heap   total 262144K, used 25381K [0x00000000e0000000, 0x0000000100000000)
  region size 1024K, 13 young (13312K), 13 survivors (13312K)
 Metaspace       used 20840K, committed 21504K, reserved 393216K
  class space    used 2950K, committed 3264K, reserved 327680K
}
Event: 136.536 GC heap before
{Heap before GC invocations=5 (full 0):
 garbage-first heap   total 262144K, used 132901K [0x00000000e0000000, 0x0000000100000000)
  region size 1024K, 120 young (122880K), 13 survivors (13312K)
 Metaspace       used 34742K, committed 36096K, reserved 393216K
  class space    used 5082K, committed 5760K, reserved 327680K
}
Event: 136.554 GC heap after
{Heap after GC invocations=6 (full 0):
 garbage-first heap   total 262144K, used 31395K [0x00000000e0000000, 0x0000000100000000)
  region size 1024K, 9 young (9216K), 9 survivors (9216K)
 Metaspace       used 34742K, committed 36096K, reserved 393216K
  class space    used 5082K, committed 5760K, reserved 327680K
}
Event: 137.892 GC heap before
{Heap before GC invocations=6 (full 0):
 garbage-first heap   total 262144K, used 33443K [0x00000000e0000000, 0x0000000100000000)
  region size 1024K, 12 young (12288K), 9 survivors (9216K)
 Metaspace       used 35045K, committed 36416K, reserved 393216K
  class space    used 5117K, committed 5824K, reserved 327680K
}
Event: 137.902 GC heap after
{Heap after GC invocations=7 (full 0):
 garbage-first heap   total 262144K, used 32242K [0x00000000e0000000, 0x0000000100000000)
  region size 1024K, 10 young (10240K), 10 survivors (10240K)
 Metaspace       used 35045K, committed 36416K, reserved 393216K
  class space    used 5117K, committed 5824K, reserved 327680K
}
Event: 137.929 GC heap before
{Heap before GC invocations=7 (full 0):
 garbage-first heap   total 262144K, used 33266K [0x00000000e0000000, 0x0000000100000000)
  region size 1024K, 12 young (12288K), 10 survivors (10240K)
 Metaspace       used 35312K, committed 36736K, reserved 393216K
  class space    used 5157K, committed 5888K, reserved 327680K
}
Event: 137.935 GC heap after
{Heap after GC invocations=8 (full 0):
 garbage-first heap   total 262144K, used 32578K [0x00000000e0000000, 0x0000000100000000)
  region size 1024K, 10 young (10240K), 10 survivors (10240K)
 Metaspace       used 35312K, committed 36736K, reserved 393216K
  class space    used 5157K, committed 5888K, reserved 327680K
}
Event: 252.376 GC heap before
{Heap before GC invocations=9 (full 0):
 garbage-first heap   total 262144K, used 179010K [0x00000000e0000000, 0x0000000100000000)
  region size 1024K, 153 young (156672K), 10 survivors (10240K)
 Metaspace       used 49871K, committed 51968K, reserved 393216K
  class space    used 7537K, committed 8576K, reserved 327680K
}
Event: 252.416 GC heap after
{Heap after GC invocations=10 (full 0):
 garbage-first heap   total 262144K, used 39926K [0x00000000e0000000, 0x0000000100000000)
  region size 1024K, 17 young (17408K), 17 survivors (17408K)
 Metaspace       used 49871K, committed 51968K, reserved 393216K
  class space    used 7537K, committed 8576K, reserved 327680K
}

