# JRE version: OpenJDK Runtime Environment Temurin-21.0.12.1+1 (21.0.12.1+1) (build 21.0.12.1+1-LTS)
# Java VM: OpenJDK 64-Bit Server VM Temurin-21.0.12.1+1 (21.0.12.1+1-LTS, mixed mode, sharing, tiered, compressed oops, compressed class ptrs, g1 gc, windows-amd64)
GC Precious Log:
 CardTable entry size: 512
 Card Set container configuration: InlinePtr #cards 5 size 8 Array Of Cards #cards 12 size 40 Howl #buckets 4 coarsen threshold 1843 Howl Bitmap #cards 512 size 80 coarsen threshold 460 Card regions per heap region 1 cards per card region 2048
 CPUs: 12 total, 12 available
 Memory: 16067M
 Large Page Support: Disabled
 NUMA Support: Disabled
 Compressed Oops: Enabled (32-bit)
 Heap Region Size: 1M
 Heap Min Capacity: 256M
 Heap Initial Capacity: 256M
 Heap Max Capacity: 512M
 Pre-touch: Disabled
 Parallel Workers: 10
 Concurrent Workers: 3
 Concurrent Refinement Workers: 10
 Periodic GC: Disabled
Heap:
 garbage-first heap   total 262144K, used 99343K [0x00000000e0000000, 0x0000000100000000)
  region size 1024K, 57 young (58368K), 7 survivors (7168K)
 Metaspace       used 59970K, committed 62208K, reserved 393216K
  class space    used 8999K, committed 10112K, reserved 327680K
GC Heap History (20 events):
Event: 21.668 GC heap before
{Heap before GC invocations=3 (full 0):
 garbage-first heap   total 262144K, used 41922K [0x00000000e0000000, 0x0000000100000000)
  region size 1024K, 30 young (30720K), 11 survivors (11264K)
 Metaspace       used 20835K, committed 21504K, reserved 393216K
  class space    used 2988K, committed 3328K, reserved 327680K
}
Event: 21.676 GC heap after
{Heap after GC invocations=4 (full 0):
 garbage-first heap   total 262144K, used 25314K [0x00000000e0000000, 0x0000000100000000)
  region size 1024K, 2 young (2048K), 2 survivors (2048K)
 Metaspace       used 20835K, committed 21504K, reserved 393216K
  class space    used 2988K, committed 3328K, reserved 327680K
}
Event: 79.003 GC heap before
{Heap before GC invocations=5 (full 0):
 garbage-first heap   total 262144K, used 142050K [0x00000000e0000000, 0x0000000100000000)
  region size 1024K, 118 young (120832K), 2 survivors (2048K)
 Metaspace       used 35938K, committed 37376K, reserved 393216K
  class space    used 5304K, committed 6016K, reserved 327680K
}
Event: 79.438 GC heap after
{Heap after GC invocations=6 (full 0):
 garbage-first heap   total 262144K, used 32324K [0x00000000e0000000, 0x0000000100000000)
  region size 1024K, 9 young (9216K), 9 survivors (9216K)
 Metaspace       used 35938K, committed 37376K, reserved 393216K
  class space    used 5304K, committed 6016K, reserved 327680K
}
Event: 86.831 GC heap before
{Heap before GC invocations=6 (full 0):
 garbage-first heap   total 262144K, used 35396K [0x00000000e0000000, 0x0000000100000000)
  region size 1024K, 12 young (12288K), 9 survivors (9216K)
 Metaspace       used 36211K, committed 37696K, reserved 393216K
  class space    used 5348K, committed 6080K, reserved 327680K
}
Event: 86.845 GC heap after
{Heap after GC invocations=7 (full 0):
 garbage-first heap   total 262144K, used 33290K [0x00000000e0000000, 0x0000000100000000)
  region size 1024K, 2 young (2048K), 2 survivors (2048K)
 Metaspace       used 36211K, committed 37696K, reserved 393216K
  class space    used 5348K, committed 6080K, reserved 327680K
}
Event: 87.670 GC heap before
{Heap before GC invocations=7 (full 0):
 garbage-first heap   total 262144K, used 33290K [0x00000000e0000000, 0x0000000100000000)
  region size 1024K, 3 young (3072K), 2 survivors (2048K)
 Metaspace       used 36263K, committed 37696K, reserved 393216K
  class space    used 5355K, committed 6080K, reserved 327680K
}
Event: 87.788 GC heap after
{Heap after GC invocations=8 (full 0):
 garbage-first heap   total 262144K, used 32560K [0x00000000e0000000, 0x0000000100000000)
  region size 1024K, 1 young (1024K), 1 survivors (1024K)
 Metaspace       used 36263K, committed 37696K, reserved 393216K
  class space    used 5355K, committed 6080K, reserved 327680K
}
Event: 120.516 GC heap before
{Heap before GC invocations=9 (full 0):
 garbage-first heap   total 262144K, used 43824K [0x00000000e0000000, 0x0000000100000000)
  region size 1024K, 12 young (12288K), 1 survivors (1024K)
 Metaspace       used 37277K, committed 38848K, reserved 393216K
  class space    used 5529K, committed 6272K, reserved 327680K
}
Event: 120.519 GC heap after
{Heap after GC invocations=10 (full 0):
 garbage-first heap   total 262144K, used 33237K [0x00000000e0000000, 0x0000000100000000)
  region size 1024K, 2 young (2048K), 2 survivors (2048K)
 Metaspace       used 37277K, committed 38848K, reserved 393216K
  class space    used 5529K, committed 6272K, reserved 327680K
}
Event: 151.035 GC heap before
{Heap before GC invocations=10 (full 0):
 garbage-first heap   total 262144K, used 43477K [0x00000000e0000000, 0x0000000100000000)
  region size 1024K, 12 young (12288K), 2 survivors (2048K)
 Metaspace       used 38085K, committed 39680K, reserved 393216K
  class space    used 5640K, committed 6400K, reserved 327680K
}
Event: 151.039 GC heap after
{Heap after GC invocations=11 (full 0):
 garbage-first heap   total 262144K, used 33928K [0x00000000e0000000, 0x0000000100000000)
  region size 1024K, 2 young (2048K), 2 survivors (2048K)
 Metaspace       used 38085K, committed 39680K, reserved 393216K
  class space    used 5640K, committed 6400K, reserved 327680K
}
Event: 223.564 GC heap before
{Heap before GC invocations=11 (full 0):
 garbage-first heap   total 262144K, used 73864K [0x00000000e0000000, 0x0000000100000000)
  region size 1024K, 41 young (41984K), 2 survivors (2048K)
 Metaspace       used 42000K, committed 43776K, reserved 393216K
  class space    used 6337K, committed 7232K, reserved 327680K
}
Event: 223.571 GC heap after
{Heap after GC invocations=12 (full 0):
 garbage-first heap   total 262144K, used 36649K [0x00000000e0000000, 0x0000000100000000)
  region size 1024K, 5 young (5120K), 5 survivors (5120K)
 Metaspace       used 42000K, committed 43776K, reserved 393216K
  class space    used 6337K, committed 7232K, reserved 327680K
}
Event: 225.676 GC heap before
{Heap before GC invocations=12 (full 0):
 garbage-first heap   total 262144K, used 75561K [0x00000000e0000000, 0x0000000100000000)
  region size 1024K, 43 young (44032K), 5 survivors (5120K)
 Metaspace       used 47089K, committed 49024K, reserved 393216K
  class space    used 7125K, committed 8064K, reserved 327680K
}
Event: 225.680 GC heap after
{Heap after GC invocations=13 (full 0):
 garbage-first heap   total 262144K, used 38209K [0x00000000e0000000, 0x0000000100000000)
  region size 1024K, 5 young (5120K), 5 survivors (5120K)
 Metaspace       used 47089K, committed 49024K, reserved 393216K
  class space    used 7125K, committed 8064K, reserved 327680K
}
Event: 235.594 GC heap before
{Heap before GC invocations=13 (full 0):
 garbage-first heap   total 262144K, used 105793K [0x00000000e0000000, 0x0000000100000000)
  region size 1024K, 71 young (72704K), 5 survivors (5120K)
 Metaspace       used 52296K, committed 54400K, reserved 393216K
  class space    used 7943K, committed 9024K, reserved 327680K
}
Event: 235.628 GC heap after
{Heap after GC invocations=14 (full 0):
 garbage-first heap   total 262144K, used 43016K [0x00000000e0000000, 0x0000000100000000)
  region size 1024K, 9 young (9216K), 9 survivors (9216K)
 Metaspace       used 52296K, committed 54400K, reserved 393216K
  class space    used 7943K, committed 9024K, reserved 327680K
}
Event: 303.291 GC heap before
{Heap before GC invocations=14 (full 0):
 garbage-first heap   total 262144K, used 108552K [0x00000000e0000000, 0x0000000100000000)
  region size 1024K, 72 young (73728K), 9 survivors (9216K)
 Metaspace       used 56640K, committed 58944K, reserved 393216K
  class space    used 8479K, committed 9600K, reserved 327680K
}
Event: 303.311 GC heap after
{Heap after GC invocations=15 (full 0):
 garbage-first heap   total 262144K, used 49167K [0x00000000e0000000, 0x0000000100000000)
  region size 1024K, 7 young (7168K), 7 survivors (7168K)
 Metaspace       used 56640K, committed 58944K, reserved 393216K
  class space    used 8479K, committed 9600K, reserved 327680K
}

